#####################
# Gatekeeper server #
#####################

Log file open, 11/29/96, 3:18:50 AM
Starting Gatekeeper 10
Reference implementation by Epic MegaGames, Inc.
Gatekeeper initializing.
Level manager successfully started.
Loading defaults from Config.gk.
End connection
Exec Config.gk succeeded.
End connection
Exec Autoexec.gk failed.
Using TCP port 23.
Listening for connections.
Gatekeeper successfully started.
Received request 240
Successful login from 127.0.0.1:1055: Admin0
End connection
Saved defaults to Config.gk.
Gatekeeper exiting.
Level manager shutting down.
Gatekeeper successfully shut down.
Log file closed: 11/29/96, 3:19:03 AM
